TN:
SF:script/Deploy.s.sol
FN:7,DeployMainnet.setUp
FNDA:0,DeployMainnet.setUp
FN:9,DeployMainnet.run
FNDA:0,DeployMainnet.run
DA:10,0
FN:15,DeployGoerli.setUp
FNDA:0,DeployGoerli.setUp
FN:17,DeployGoerli.run
FNDA:0,DeployGoerli.run
DA:18,0
FNF:4
FNH:0
LF:2
LH:0
BRF:0
BRH:0
end_of_record
TN:
SF:src/BananaMerkle.sol
FN:54,BananaMerkle.claim
FNDA:9,BananaMerkle.claim
DA:56,9
BRDA:56,0,0,2
BRDA:56,0,1,7
DA:59,7
DA:60,7
BRDA:60,1,0,4
BRDA:60,1,1,3
DA:63,3
DA:66,3
DA:67,3
BRDA:67,2,0,-
BRDA:67,2,1,3
DA:72,3
FN:79,BananaMerkle.updateRoot
FNDA:3,BananaMerkle.updateRoot
DA:80,3
DA:81,3
FNF:2
FNH:2
LF:9
LH:9
BRF:6
BRH:5
end_of_record
