TN:
SF:script/Deploy.s.sol
FN:15,DeployGoerli.setUp
FNDA:0,DeployGoerli.setUp
FN:17,DeployGoerli.run
FNDA:0,DeployGoerli.run
DA:18,0
FN:7,DeployMainnet.setUp
FNDA:0,DeployMainnet.setUp
FN:9,DeployMainnet.run
FNDA:0,DeployMainnet.run
DA:10,0
FNF:4
FNH:0
LF:2
LH:0
BRF:0
BRH:0
end_of_record
TN:
SF:src/BananaMerkle.sol
FN:54,BananaMerkle.claim
FNDA:0,BananaMerkle.claim
DA:56,0
BRDA:56,0,0,-
BRDA:56,0,1,-
DA:59,0
DA:60,0
BRDA:60,1,0,-
BRDA:60,1,1,-
DA:63,0
DA:66,0
DA:67,0
BRDA:67,2,0,-
BRDA:67,2,1,-
DA:72,0
FN:79,BananaMerkle.updateRoot
FNDA:0,BananaMerkle.updateRoot
DA:80,0
DA:81,0
FNF:2
FNH:0
LF:9
LH:0
BRF:6
BRH:0
end_of_record
